<?xml version="1.0" encoding="UTF-8"?>
<!-- Generated by org.testng.reporters.JUnitReportReporter -->
<testsuite hostname="jtl-ds-ycy" name="com.test.first_maven.test.BaiduTest" tests="1" failures="0" timestamp="19 Oct 2016 00:59:13 GMT" time="0.125" errors="0">
  <testcase name="searchTest" time="0.125" classname="com.test.first_maven.test.BaiduTest"/>
</testsuite> <!-- com.test.first_maven.test.BaiduTest -->
