<?xml version="1.0" encoding="UTF-8"?>
<!-- Generated by org.testng.reporters.JUnitReportReporter -->
<testsuite hostname="jtl-ds-ycy" name="com.test.first_maven.test.TestNGtest" tests="3" failures="0" timestamp="14 Oct 2016 06:52:07 GMT" time="15.020" errors="0">
  <testcase name="test1" time="5.012" classname="com.test.first_maven.test.TestNGtest"/>
  <testcase name="test3" time="5.005" classname="com.test.first_maven.test.TestNGtest"/>
  <testcase name="test2" time="5.003" classname="com.test.first_maven.test.TestNGtest"/>
</testsuite> <!-- com.test.first_maven.test.TestNGtest -->
